!SESSION 2017-11-24 14:06:27.043 -----------------------------------------------
eclipse.buildId=unknown
java.version=1.8.0_66
java.vendor=Oracle Corporation
BootLoader constants: OS=macosx, ARCH=x86_64, WS=cocoa, NL=en_US
Framework arguments:  --launcher.secondThread
Command-line arguments:  -dev file:/Users/safakburakcevikbas/Desktop/Ekinoks/ETKK/Prototype/.metadata/.plugins/org.eclipse.pde.core/prototype/dev.properties -os macosx -arch x86_64 -consoleLog -console --launcher.secondThread

!ENTRY org.eclipse.equinox.ds 4 0 2017-11-24 14:06:27.434
!MESSAGE Exception occurred while creating new instance of component Component[
	name = Application
	activate = activate
	deactivate = deactivate
	modified = 
	configuration-policy = optional
	factory = null
	autoenable = true
	immediate = true
	implementation = com.ekinoksyazilim.etkk.prototype.application.Application
	state = Unsatisfied
	properties = 
	serviceFactory = false
	serviceInterface = null
	references = {
		Reference[name = ITop, interface = com.ekinoksyazilim.etkk.prototype.top.ITop, policy = static, cardinality = 1..1, target = null, bind = setTop, unbind = null]
	}
	located in bundle = Application_1.0.0.qualifier [37]
] 
!STACK 0
java.lang.ClassNotFoundException: com.ekinoksyazilim.etkk.prototype.application.Application cannot be found by Application_1.0.0.qualifier
	at org.eclipse.osgi.internal.loader.BundleLoader.findClassInternal(BundleLoader.java:439)
	at org.eclipse.osgi.internal.loader.BundleLoader.findClass(BundleLoader.java:352)
	at org.eclipse.osgi.internal.loader.BundleLoader.findClass(BundleLoader.java:344)
	at org.eclipse.osgi.internal.loader.ModuleClassLoader.loadClass(ModuleClassLoader.java:160)
	at java.lang.ClassLoader.loadClass(ClassLoader.java:357)
	at org.eclipse.osgi.internal.framework.EquinoxBundle.loadClass(EquinoxBundle.java:573)
	at org.eclipse.equinox.internal.ds.model.ServiceComponent.createInstance(ServiceComponent.java:493)
	at org.eclipse.equinox.internal.ds.model.ServiceComponentProp.createInstance(ServiceComponentProp.java:270)
	at org.eclipse.equinox.internal.ds.model.ServiceComponentProp.build(ServiceComponentProp.java:331)
	at org.eclipse.equinox.internal.ds.InstanceProcess.buildComponent(InstanceProcess.java:620)
	at org.eclipse.equinox.internal.ds.InstanceProcess.buildComponents(InstanceProcess.java:197)
	at org.eclipse.equinox.internal.ds.Resolver.buildNewlySatisfied(Resolver.java:473)
	at org.eclipse.equinox.internal.ds.Resolver.enableComponents(Resolver.java:217)
	at org.eclipse.equinox.internal.ds.SCRManager.performWork(SCRManager.java:816)
	at org.eclipse.equinox.internal.ds.SCRManager$QueuedJob.dispatch(SCRManager.java:783)
	at org.eclipse.equinox.internal.ds.WorkThread.run(WorkThread.java:89)
	at org.eclipse.equinox.internal.util.impl.tpt.threadpool.Executor.run(Executor.java:70)

!ENTRY org.eclipse.equinox.ds 4 0 2017-11-24 14:06:27.435
!MESSAGE Exception occurred while creating new instance of component Component[
	name = Application
	activate = activate
	deactivate = deactivate
	modified = 
	configuration-policy = optional
	factory = null
	autoenable = true
	immediate = true
	implementation = com.ekinoksyazilim.etkk.prototype.application.Application
	state = Unsatisfied
	properties = 
	serviceFactory = false
	serviceInterface = null
	references = {
		Reference[name = ITop, interface = com.ekinoksyazilim.etkk.prototype.top.ITop, policy = static, cardinality = 1..1, target = null, bind = setTop, unbind = null]
	}
	located in bundle = Application_1.0.0.qualifier [37]
] 
!STACK 0
java.lang.ClassNotFoundException: com.ekinoksyazilim.etkk.prototype.application.Application cannot be found by Application_1.0.0.qualifier
	at org.eclipse.osgi.internal.loader.BundleLoader.findClassInternal(BundleLoader.java:439)
	at org.eclipse.osgi.internal.loader.BundleLoader.findClass(BundleLoader.java:352)
	at org.eclipse.osgi.internal.loader.BundleLoader.findClass(BundleLoader.java:344)
	at org.eclipse.osgi.internal.loader.ModuleClassLoader.loadClass(ModuleClassLoader.java:160)
	at java.lang.ClassLoader.loadClass(ClassLoader.java:357)
	at org.eclipse.osgi.internal.framework.EquinoxBundle.loadClass(EquinoxBundle.java:573)
	at org.eclipse.equinox.internal.ds.model.ServiceComponent.createInstance(ServiceComponent.java:493)
	at org.eclipse.equinox.internal.ds.model.ServiceComponentProp.createInstance(ServiceComponentProp.java:270)
	at org.eclipse.equinox.internal.ds.model.ServiceComponentProp.build(ServiceComponentProp.java:331)
	at org.eclipse.equinox.internal.ds.InstanceProcess.buildComponent(InstanceProcess.java:620)
	at org.eclipse.equinox.internal.ds.InstanceProcess.buildComponents(InstanceProcess.java:197)
	at org.eclipse.equinox.internal.ds.Resolver.buildNewlySatisfied(Resolver.java:473)
	at org.eclipse.equinox.internal.ds.Resolver.enableComponents(Resolver.java:217)
	at org.eclipse.equinox.internal.ds.SCRManager.performWork(SCRManager.java:816)
	at org.eclipse.equinox.internal.ds.SCRManager$QueuedJob.dispatch(SCRManager.java:783)
	at org.eclipse.equinox.internal.ds.WorkThread.run(WorkThread.java:89)
	at org.eclipse.equinox.internal.util.impl.tpt.threadpool.Executor.run(Executor.java:70)
