!SESSION 2017-11-24 15:45:03.086 -----------------------------------------------
eclipse.buildId=unknown
java.version=1.8.0_66
java.vendor=Oracle Corporation
BootLoader constants: OS=macosx, ARCH=x86_64, WS=cocoa, NL=en_US
Framework arguments:  --launcher.secondThread
Command-line arguments:  -dev file:/Users/safakburakcevikbas/Desktop/Ekinoks/ETKK/Prototype/.metadata/.plugins/org.eclipse.pde.core/prototype/dev.properties -os macosx -arch x86_64 -consoleLog -console --launcher.secondThread

!ENTRY org.eclipse.equinox.ds 4 0 2017-11-24 15:45:03.652
!MESSAGE Exception occurred while creating new instance of component Component[
	name = Configuratio
	activate = activate
	deactivate = deactivate
	modified = 
	configuration-policy = optional
	factory = null
	autoenable = true
	immediate = true
	implementation = com.ekinoksyazilim.etkk.prototype.configuration.Configuration
	state = Unsatisfied
	properties = 
	serviceFactory = false
	serviceInterface = [com.ekinoksyazilim.etkk.prototype.configuration.Configuration]
	references = null
	located in bundle = Common_1.0.0.qualifier [50]
] 
!STACK 0
java.lang.RuntimeException: unknown key: sembol.iz.sabitdonerkanat
	at com.ekinoksyazilim.etkk.prototype.configuration.AbstractConfiguration.load(AbstractConfiguration.java:263)
	at com.ekinoksyazilim.etkk.prototype.configuration.Configuration.<init>(Configuration.java:18)
	at sun.reflect.NativeConstructorAccessorImpl.newInstance0(Native Method)
	at sun.reflect.NativeConstructorAccessorImpl.newInstance(NativeConstructorAccessorImpl.java:62)
	at sun.reflect.DelegatingConstructorAccessorImpl.newInstance(DelegatingConstructorAccessorImpl.java:45)
	at java.lang.reflect.Constructor.newInstance(Constructor.java:422)
	at java.lang.Class.newInstance(Class.java:442)
	at org.eclipse.equinox.internal.ds.model.ServiceComponent.createInstance(ServiceComponent.java:493)
	at org.eclipse.equinox.internal.ds.model.ServiceComponentProp.createInstance(ServiceComponentProp.java:270)
	at org.eclipse.equinox.internal.ds.model.ServiceComponentProp.build(ServiceComponentProp.java:331)
	at org.eclipse.equinox.internal.ds.InstanceProcess.buildComponent(InstanceProcess.java:620)
	at org.eclipse.equinox.internal.ds.InstanceProcess.buildComponents(InstanceProcess.java:197)
	at org.eclipse.equinox.internal.ds.Resolver.buildNewlySatisfied(Resolver.java:473)
	at org.eclipse.equinox.internal.ds.Resolver.enableComponents(Resolver.java:217)
	at org.eclipse.equinox.internal.ds.SCRManager.performWork(SCRManager.java:816)
	at org.eclipse.equinox.internal.ds.SCRManager$QueuedJob.dispatch(SCRManager.java:783)
	at org.eclipse.equinox.internal.ds.WorkThread.run(WorkThread.java:89)
	at org.eclipse.equinox.internal.util.impl.tpt.threadpool.Executor.run(Executor.java:70)

!ENTRY org.eclipse.equinox.ds 4 0 2017-11-24 15:45:03.653
!MESSAGE Exception occurred while creating new instance of component Component[
	name = Configuratio
	activate = activate
	deactivate = deactivate
	modified = 
	configuration-policy = optional
	factory = null
	autoenable = true
	immediate = true
	implementation = com.ekinoksyazilim.etkk.prototype.configuration.Configuration
	state = Unsatisfied
	properties = 
	serviceFactory = false
	serviceInterface = [com.ekinoksyazilim.etkk.prototype.configuration.Configuration]
	references = null
	located in bundle = Common_1.0.0.qualifier [50]
] 
!STACK 0
java.lang.RuntimeException: unknown key: sembol.iz.sabitdonerkanat
	at com.ekinoksyazilim.etkk.prototype.configuration.AbstractConfiguration.load(AbstractConfiguration.java:263)
	at com.ekinoksyazilim.etkk.prototype.configuration.Configuration.<init>(Configuration.java:18)
	at sun.reflect.NativeConstructorAccessorImpl.newInstance0(Native Method)
	at sun.reflect.NativeConstructorAccessorImpl.newInstance(NativeConstructorAccessorImpl.java:62)
	at sun.reflect.DelegatingConstructorAccessorImpl.newInstance(DelegatingConstructorAccessorImpl.java:45)
	at java.lang.reflect.Constructor.newInstance(Constructor.java:422)
	at java.lang.Class.newInstance(Class.java:442)
	at org.eclipse.equinox.internal.ds.model.ServiceComponent.createInstance(ServiceComponent.java:493)
	at org.eclipse.equinox.internal.ds.model.ServiceComponentProp.createInstance(ServiceComponentProp.java:270)
	at org.eclipse.equinox.internal.ds.model.ServiceComponentProp.build(ServiceComponentProp.java:331)
	at org.eclipse.equinox.internal.ds.InstanceProcess.buildComponent(InstanceProcess.java:620)
	at org.eclipse.equinox.internal.ds.InstanceProcess.buildComponents(InstanceProcess.java:197)
	at org.eclipse.equinox.internal.ds.Resolver.buildNewlySatisfied(Resolver.java:473)
	at org.eclipse.equinox.internal.ds.Resolver.enableComponents(Resolver.java:217)
	at org.eclipse.equinox.internal.ds.SCRManager.performWork(SCRManager.java:816)
	at org.eclipse.equinox.internal.ds.SCRManager$QueuedJob.dispatch(SCRManager.java:783)
	at org.eclipse.equinox.internal.ds.WorkThread.run(WorkThread.java:89)
	at org.eclipse.equinox.internal.util.impl.tpt.threadpool.Executor.run(Executor.java:70)
