!SESSION 2017-11-24 14:08:36.258 -----------------------------------------------
eclipse.buildId=unknown
java.version=1.8.0_66
java.vendor=Oracle Corporation
BootLoader constants: OS=macosx, ARCH=x86_64, WS=cocoa, NL=en_US
Framework arguments:  --launcher.secondThread
Command-line arguments:  -dev file:/Users/safakburakcevikbas/Desktop/Ekinoks/ETKK/Prototype/.metadata/.plugins/org.eclipse.pde.core/prototype/dev.properties -os macosx -arch x86_64 -consoleLog -console --launcher.secondThread

!ENTRY org.eclipse.equinox.ds 4 0 2017-11-24 14:08:36.927
!MESSAGE [SCR] Exception while activating instance com.ekinoksyazilim.etkk.prototype.application.Application@204a8962 of component Application  
!STACK 0
java.lang.reflect.InvocationTargetException
	at sun.reflect.NativeMethodAccessorImpl.invoke0(Native Method)
	at sun.reflect.NativeMethodAccessorImpl.invoke(NativeMethodAccessorImpl.java:62)
	at sun.reflect.DelegatingMethodAccessorImpl.invoke(DelegatingMethodAccessorImpl.java:43)
	at java.lang.reflect.Method.invoke(Method.java:497)
	at org.eclipse.equinox.internal.ds.model.ServiceComponent.activate(ServiceComponent.java:235)
	at org.eclipse.equinox.internal.ds.model.ServiceComponentProp.activate(ServiceComponentProp.java:146)
	at org.eclipse.equinox.internal.ds.model.ServiceComponentProp.build(ServiceComponentProp.java:345)
	at org.eclipse.equinox.internal.ds.InstanceProcess.buildComponent(InstanceProcess.java:620)
	at org.eclipse.equinox.internal.ds.InstanceProcess.buildComponents(InstanceProcess.java:197)
	at org.eclipse.equinox.internal.ds.Resolver.buildNewlySatisfied(Resolver.java:473)
	at org.eclipse.equinox.internal.ds.Resolver.enableComponents(Resolver.java:217)
	at org.eclipse.equinox.internal.ds.SCRManager.performWork(SCRManager.java:816)
	at org.eclipse.equinox.internal.ds.SCRManager$QueuedJob.dispatch(SCRManager.java:783)
	at org.eclipse.equinox.internal.ds.WorkThread.run(WorkThread.java:89)
	at org.eclipse.equinox.internal.util.impl.tpt.threadpool.Executor.run(Executor.java:70)
Caused by: java.lang.ExceptionInInitializerError
	at com.ekinoksyazilim.etkk.prototype.application.MainWindow.<init>(MainWindow.java:32)
	at com.ekinoksyazilim.etkk.prototype.application.Application.activate(Application.java:25)
	... 15 more
Caused by: java.util.MissingResourceException: Can't find bundle for base name com.ekinoksyazilim.etkk.prototype.application.messages, locale en_US
	at java.util.ResourceBundle.throwMissingResourceException(ResourceBundle.java:1564)
	at java.util.ResourceBundle.getBundleImpl(ResourceBundle.java:1387)
	at java.util.ResourceBundle.getBundle(ResourceBundle.java:773)
	at com.ekinoksyazilim.etkk.prototype.application.Messages.loadBundle(Messages.java:24)
	at com.ekinoksyazilim.etkk.prototype.application.Messages.<clinit>(Messages.java:22)
	... 17 more
Caused by: java.lang.NoClassDefFoundError: com/ekinoksyazilim/etkk/prototype/application/messages (wrong name: com/ekinoksyazilim/etkk/prototype/application/Messages)
	at java.lang.ClassLoader.defineClass1(Native Method)
	at java.lang.ClassLoader.defineClass(ClassLoader.java:760)
	at org.eclipse.osgi.internal.loader.ModuleClassLoader.defineClass(ModuleClassLoader.java:272)
	at org.eclipse.osgi.internal.loader.classpath.ClasspathManager.defineClass(ClasspathManager.java:632)
	at org.eclipse.osgi.internal.loader.classpath.ClasspathManager.findClassImpl(ClasspathManager.java:588)
	at org.eclipse.osgi.internal.loader.classpath.ClasspathManager.findLocalClassImpl(ClasspathManager.java:540)
	at org.eclipse.osgi.internal.loader.classpath.ClasspathManager.findLocalClass(ClasspathManager.java:527)
	at org.eclipse.osgi.internal.loader.ModuleClassLoader.findLocalClass(ModuleClassLoader.java:324)
	at org.eclipse.osgi.internal.loader.BundleLoader.findLocalClass(BundleLoader.java:327)
	at org.eclipse.osgi.internal.loader.BundleLoader.findClassInternal(BundleLoader.java:402)
	at org.eclipse.osgi.internal.loader.BundleLoader.findClass(BundleLoader.java:352)
	at org.eclipse.osgi.internal.loader.BundleLoader.findClass(BundleLoader.java:344)
	at org.eclipse.osgi.internal.loader.ModuleClassLoader.loadClass(ModuleClassLoader.java:160)
	at java.lang.ClassLoader.loadClass(ClassLoader.java:357)
	at java.util.ResourceBundle$Control.newBundle(ResourceBundle.java:2640)
	at java.util.ResourceBundle.loadBundle(ResourceBundle.java:1501)
	at java.util.ResourceBundle.findBundle(ResourceBundle.java:1465)
	at java.util.ResourceBundle.findBundle(ResourceBundle.java:1419)
	at java.util.ResourceBundle.findBundle(ResourceBundle.java:1419)
	at java.util.ResourceBundle.getBundleImpl(ResourceBundle.java:1361)
	... 20 more
Root exception:
java.lang.ExceptionInInitializerError
	at com.ekinoksyazilim.etkk.prototype.application.MainWindow.<init>(MainWindow.java:32)
	at com.ekinoksyazilim.etkk.prototype.application.Application.activate(Application.java:25)
	at sun.reflect.NativeMethodAccessorImpl.invoke0(Native Method)
	at sun.reflect.NativeMethodAccessorImpl.invoke(NativeMethodAccessorImpl.java:62)
	at sun.reflect.DelegatingMethodAccessorImpl.invoke(DelegatingMethodAccessorImpl.java:43)
	at java.lang.reflect.Method.invoke(Method.java:497)
	at org.eclipse.equinox.internal.ds.model.ServiceComponent.activate(ServiceComponent.java:235)
	at org.eclipse.equinox.internal.ds.model.ServiceComponentProp.activate(ServiceComponentProp.java:146)
	at org.eclipse.equinox.internal.ds.model.ServiceComponentProp.build(ServiceComponentProp.java:345)
	at org.eclipse.equinox.internal.ds.InstanceProcess.buildComponent(InstanceProcess.java:620)
	at org.eclipse.equinox.internal.ds.InstanceProcess.buildComponents(InstanceProcess.java:197)
	at org.eclipse.equinox.internal.ds.Resolver.buildNewlySatisfied(Resolver.java:473)
	at org.eclipse.equinox.internal.ds.Resolver.enableComponents(Resolver.java:217)
	at org.eclipse.equinox.internal.ds.SCRManager.performWork(SCRManager.java:816)
	at org.eclipse.equinox.internal.ds.SCRManager$QueuedJob.dispatch(SCRManager.java:783)
	at org.eclipse.equinox.internal.ds.WorkThread.run(WorkThread.java:89)
	at org.eclipse.equinox.internal.util.impl.tpt.threadpool.Executor.run(Executor.java:70)
Caused by: java.util.MissingResourceException: Can't find bundle for base name com.ekinoksyazilim.etkk.prototype.application.messages, locale en_US
	at java.util.ResourceBundle.throwMissingResourceException(ResourceBundle.java:1564)
	at java.util.ResourceBundle.getBundleImpl(ResourceBundle.java:1387)
	at java.util.ResourceBundle.getBundle(ResourceBundle.java:773)
	at com.ekinoksyazilim.etkk.prototype.application.Messages.loadBundle(Messages.java:24)
	at com.ekinoksyazilim.etkk.prototype.application.Messages.<clinit>(Messages.java:22)
	... 17 more
Caused by: java.lang.NoClassDefFoundError: com/ekinoksyazilim/etkk/prototype/application/messages (wrong name: com/ekinoksyazilim/etkk/prototype/application/Messages)
	at java.lang.ClassLoader.defineClass1(Native Method)
	at java.lang.ClassLoader.defineClass(ClassLoader.java:760)
	at org.eclipse.osgi.internal.loader.ModuleClassLoader.defineClass(ModuleClassLoader.java:272)
	at org.eclipse.osgi.internal.loader.classpath.ClasspathManager.defineClass(ClasspathManager.java:632)
	at org.eclipse.osgi.internal.loader.classpath.ClasspathManager.findClassImpl(ClasspathManager.java:588)
	at org.eclipse.osgi.internal.loader.classpath.ClasspathManager.findLocalClassImpl(ClasspathManager.java:540)
	at org.eclipse.osgi.internal.loader.classpath.ClasspathManager.findLocalClass(ClasspathManager.java:527)
	at org.eclipse.osgi.internal.loader.ModuleClassLoader.findLocalClass(ModuleClassLoader.java:324)
	at org.eclipse.osgi.internal.loader.BundleLoader.findLocalClass(BundleLoader.java:327)
	at org.eclipse.osgi.internal.loader.BundleLoader.findClassInternal(BundleLoader.java:402)
	at org.eclipse.osgi.internal.loader.BundleLoader.findClass(BundleLoader.java:352)
	at org.eclipse.osgi.internal.loader.BundleLoader.findClass(BundleLoader.java:344)
	at org.eclipse.osgi.internal.loader.ModuleClassLoader.loadClass(ModuleClassLoader.java:160)
	at java.lang.ClassLoader.loadClass(ClassLoader.java:357)
	at java.util.ResourceBundle$Control.newBundle(ResourceBundle.java:2640)
	at java.util.ResourceBundle.loadBundle(ResourceBundle.java:1501)
	at java.util.ResourceBundle.findBundle(ResourceBundle.java:1465)
	at java.util.ResourceBundle.findBundle(ResourceBundle.java:1419)
	at java.util.ResourceBundle.findBundle(ResourceBundle.java:1419)
	at java.util.ResourceBundle.getBundleImpl(ResourceBundle.java:1361)
	... 20 more

!ENTRY org.eclipse.equinox.ds 4 0 2017-11-24 14:08:36.929
!MESSAGE [SCR] Exception while activating instance com.ekinoksyazilim.etkk.prototype.application.Application@204a8962 of component Application  
!STACK 0
java.lang.reflect.InvocationTargetException
	at sun.reflect.NativeMethodAccessorImpl.invoke0(Native Method)
	at sun.reflect.NativeMethodAccessorImpl.invoke(NativeMethodAccessorImpl.java:62)
	at sun.reflect.DelegatingMethodAccessorImpl.invoke(DelegatingMethodAccessorImpl.java:43)
	at java.lang.reflect.Method.invoke(Method.java:497)
	at org.eclipse.equinox.internal.ds.model.ServiceComponent.activate(ServiceComponent.java:235)
	at org.eclipse.equinox.internal.ds.model.ServiceComponentProp.activate(ServiceComponentProp.java:146)
	at org.eclipse.equinox.internal.ds.model.ServiceComponentProp.build(ServiceComponentProp.java:345)
	at org.eclipse.equinox.internal.ds.InstanceProcess.buildComponent(InstanceProcess.java:620)
	at org.eclipse.equinox.internal.ds.InstanceProcess.buildComponents(InstanceProcess.java:197)
	at org.eclipse.equinox.internal.ds.Resolver.buildNewlySatisfied(Resolver.java:473)
	at org.eclipse.equinox.internal.ds.Resolver.enableComponents(Resolver.java:217)
	at org.eclipse.equinox.internal.ds.SCRManager.performWork(SCRManager.java:816)
	at org.eclipse.equinox.internal.ds.SCRManager$QueuedJob.dispatch(SCRManager.java:783)
	at org.eclipse.equinox.internal.ds.WorkThread.run(WorkThread.java:89)
	at org.eclipse.equinox.internal.util.impl.tpt.threadpool.Executor.run(Executor.java:70)
Caused by: java.lang.ExceptionInInitializerError
	at com.ekinoksyazilim.etkk.prototype.application.MainWindow.<init>(MainWindow.java:32)
	at com.ekinoksyazilim.etkk.prototype.application.Application.activate(Application.java:25)
	... 15 more
Caused by: java.util.MissingResourceException: Can't find bundle for base name com.ekinoksyazilim.etkk.prototype.application.messages, locale en_US
	at java.util.ResourceBundle.throwMissingResourceException(ResourceBundle.java:1564)
	at java.util.ResourceBundle.getBundleImpl(ResourceBundle.java:1387)
	at java.util.ResourceBundle.getBundle(ResourceBundle.java:773)
	at com.ekinoksyazilim.etkk.prototype.application.Messages.loadBundle(Messages.java:24)
	at com.ekinoksyazilim.etkk.prototype.application.Messages.<clinit>(Messages.java:22)
	... 17 more
Caused by: java.lang.NoClassDefFoundError: com/ekinoksyazilim/etkk/prototype/application/messages (wrong name: com/ekinoksyazilim/etkk/prototype/application/Messages)
	at java.lang.ClassLoader.defineClass1(Native Method)
	at java.lang.ClassLoader.defineClass(ClassLoader.java:760)
	at org.eclipse.osgi.internal.loader.ModuleClassLoader.defineClass(ModuleClassLoader.java:272)
	at org.eclipse.osgi.internal.loader.classpath.ClasspathManager.defineClass(ClasspathManager.java:632)
	at org.eclipse.osgi.internal.loader.classpath.ClasspathManager.findClassImpl(ClasspathManager.java:588)
	at org.eclipse.osgi.internal.loader.classpath.ClasspathManager.findLocalClassImpl(ClasspathManager.java:540)
	at org.eclipse.osgi.internal.loader.classpath.ClasspathManager.findLocalClass(ClasspathManager.java:527)
	at org.eclipse.osgi.internal.loader.ModuleClassLoader.findLocalClass(ModuleClassLoader.java:324)
	at org.eclipse.osgi.internal.loader.BundleLoader.findLocalClass(BundleLoader.java:327)
	at org.eclipse.osgi.internal.loader.BundleLoader.findClassInternal(BundleLoader.java:402)
	at org.eclipse.osgi.internal.loader.BundleLoader.findClass(BundleLoader.java:352)
	at org.eclipse.osgi.internal.loader.BundleLoader.findClass(BundleLoader.java:344)
	at org.eclipse.osgi.internal.loader.ModuleClassLoader.loadClass(ModuleClassLoader.java:160)
	at java.lang.ClassLoader.loadClass(ClassLoader.java:357)
	at java.util.ResourceBundle$Control.newBundle(ResourceBundle.java:2640)
	at java.util.ResourceBundle.loadBundle(ResourceBundle.java:1501)
	at java.util.ResourceBundle.findBundle(ResourceBundle.java:1465)
	at java.util.ResourceBundle.findBundle(ResourceBundle.java:1419)
	at java.util.ResourceBundle.findBundle(ResourceBundle.java:1419)
	at java.util.ResourceBundle.getBundleImpl(ResourceBundle.java:1361)
	... 20 more
Root exception:
java.lang.ExceptionInInitializerError
	at com.ekinoksyazilim.etkk.prototype.application.MainWindow.<init>(MainWindow.java:32)
	at com.ekinoksyazilim.etkk.prototype.application.Application.activate(Application.java:25)
	at sun.reflect.NativeMethodAccessorImpl.invoke0(Native Method)
	at sun.reflect.NativeMethodAccessorImpl.invoke(NativeMethodAccessorImpl.java:62)
	at sun.reflect.DelegatingMethodAccessorImpl.invoke(DelegatingMethodAccessorImpl.java:43)
	at java.lang.reflect.Method.invoke(Method.java:497)
	at org.eclipse.equinox.internal.ds.model.ServiceComponent.activate(ServiceComponent.java:235)
	at org.eclipse.equinox.internal.ds.model.ServiceComponentProp.activate(ServiceComponentProp.java:146)
	at org.eclipse.equinox.internal.ds.model.ServiceComponentProp.build(ServiceComponentProp.java:345)
	at org.eclipse.equinox.internal.ds.InstanceProcess.buildComponent(InstanceProcess.java:620)
	at org.eclipse.equinox.internal.ds.InstanceProcess.buildComponents(InstanceProcess.java:197)
	at org.eclipse.equinox.internal.ds.Resolver.buildNewlySatisfied(Resolver.java:473)
	at org.eclipse.equinox.internal.ds.Resolver.enableComponents(Resolver.java:217)
	at org.eclipse.equinox.internal.ds.SCRManager.performWork(SCRManager.java:816)
	at org.eclipse.equinox.internal.ds.SCRManager$QueuedJob.dispatch(SCRManager.java:783)
	at org.eclipse.equinox.internal.ds.WorkThread.run(WorkThread.java:89)
	at org.eclipse.equinox.internal.util.impl.tpt.threadpool.Executor.run(Executor.java:70)
Caused by: java.util.MissingResourceException: Can't find bundle for base name com.ekinoksyazilim.etkk.prototype.application.messages, locale en_US
	at java.util.ResourceBundle.throwMissingResourceException(ResourceBundle.java:1564)
	at java.util.ResourceBundle.getBundleImpl(ResourceBundle.java:1387)
	at java.util.ResourceBundle.getBundle(ResourceBundle.java:773)
	at com.ekinoksyazilim.etkk.prototype.application.Messages.loadBundle(Messages.java:24)
	at com.ekinoksyazilim.etkk.prototype.application.Messages.<clinit>(Messages.java:22)
	... 17 more
Caused by: java.lang.NoClassDefFoundError: com/ekinoksyazilim/etkk/prototype/application/messages (wrong name: com/ekinoksyazilim/etkk/prototype/application/Messages)
	at java.lang.ClassLoader.defineClass1(Native Method)
	at java.lang.ClassLoader.defineClass(ClassLoader.java:760)
	at org.eclipse.osgi.internal.loader.ModuleClassLoader.defineClass(ModuleClassLoader.java:272)
	at org.eclipse.osgi.internal.loader.classpath.ClasspathManager.defineClass(ClasspathManager.java:632)
	at org.eclipse.osgi.internal.loader.classpath.ClasspathManager.findClassImpl(ClasspathManager.java:588)
	at org.eclipse.osgi.internal.loader.classpath.ClasspathManager.findLocalClassImpl(ClasspathManager.java:540)
	at org.eclipse.osgi.internal.loader.classpath.ClasspathManager.findLocalClass(ClasspathManager.java:527)
	at org.eclipse.osgi.internal.loader.ModuleClassLoader.findLocalClass(ModuleClassLoader.java:324)
	at org.eclipse.osgi.internal.loader.BundleLoader.findLocalClass(BundleLoader.java:327)
	at org.eclipse.osgi.internal.loader.BundleLoader.findClassInternal(BundleLoader.java:402)
	at org.eclipse.osgi.internal.loader.BundleLoader.findClass(BundleLoader.java:352)
	at org.eclipse.osgi.internal.loader.BundleLoader.findClass(BundleLoader.java:344)
	at org.eclipse.osgi.internal.loader.ModuleClassLoader.loadClass(ModuleClassLoader.java:160)
	at java.lang.ClassLoader.loadClass(ClassLoader.java:357)
	at java.util.ResourceBundle$Control.newBundle(ResourceBundle.java:2640)
	at java.util.ResourceBundle.loadBundle(ResourceBundle.java:1501)
	at java.util.ResourceBundle.findBundle(ResourceBundle.java:1465)
	at java.util.ResourceBundle.findBundle(ResourceBundle.java:1419)
	at java.util.ResourceBundle.findBundle(ResourceBundle.java:1419)
	at java.util.ResourceBundle.getBundleImpl(ResourceBundle.java:1361)
	... 20 more
